<?xml version="1.0" encoding="UTF-8"?>
<testsuite xmlns:xsi="http://www.w3.org/2001/XMLSchema-instance" xsi:noNamespaceSchemaLocation="https://maven.apache.org/surefire/maven-surefire-plugin/xsd/surefire-test-report-3.0.xsd" version="3.0" name="TestSuite" time="53.972" tests="1" errors="0" skipped="0" failures="1">
  <properties>
[...]
</properties>
  <testcase name="runScenario[&quot;user able to select the product, add to cart, add shipping information, place order, &amp; verify the order confirmation number&quot;, &quot;Optional[user able to purchase the product and verify the order confirmation]&quot;](1)" classname="luma_myrunner_test.My_Runner" time="52.129">
    <failure message="Expected condition failed: waiting for element to be clickable: Proxy element for: DefaultElementLocator &apos;By.xpath: //div[@id=&apos;ption-label-color-93-item-50&apos;]&apos; (tried for 30 second(s) with 500 milliseconds interval)" type="org.openqa.selenium.TimeoutException"><![CDATA[org.openqa.selenium.TimeoutException: Expected condition failed: waiting for element to be clickable: Proxy element for: DefaultElementLocator 'By.xpath: //div[@id='ption-label-color-93-item-50']' (tried for 30 second(s) with 500 milliseconds interval)
Caused by: org.openqa.selenium.NoSuchElementException: 
no such element: Unable to locate element: {"method":"xpath","selector":"//div[@id='ption-label-color-93-item-50']"}
  (Session info: chrome=112.0.5615.138)
For documentation on this error, please visit: https://www.seleniumhq.org/exceptions/no_such_element.html
Build info: version: '3.141.59', revision: 'e82be7d358', time: '2018-11-14T08:17:03'
System info: host: 'OVI', ip: '192.168.1.10', os.name: 'Windows 11', os.arch: 'amd64', os.version: '10.0', java.version: '17.0.6'
Driver info: org.openqa.selenium.chrome.ChromeDriver
Capabilities {acceptInsecureCerts: false, browserName: chrome, browserVersion: 112.0.5615.138, chrome: {chromedriverVersion: 112.0.5615.49 (bd2a7bcb881c..., userDataDir: C:\Users\afroz\AppData\Loca...}, goog:chromeOptions: {debuggerAddress: localhost:59456}, javascriptEnabled: true, networkConnectionEnabled: false, pageLoadStrategy: normal, platform: WINDOWS, platformName: WINDOWS, proxy: Proxy(), setWindowRect: true, strictFileInteractability: false, timeouts: {implicit: 0, pageLoad: 300000, script: 30000}, unhandledPromptBehavior: dismiss and notify, webauthn:extension:credBlob: true, webauthn:extension:largeBlob: true, webauthn:extension:minPinLength: true, webauthn:extension:prf: true, webauthn:virtualAuthenticators: true}
Session ID: 939a890285908177289573a1520dc404
*** Element info: {Using=xpath, value=//div[@id='ption-label-color-93-item-50']}
]]></failure>
    <system-out><![CDATA[[TestNGContentHandler] [WARN] It is strongly recommended to add "<!DOCTYPE suite SYSTEM "http://testng.org/testng-1.0.dtd" >" at the top of your file, otherwise TestNG may fail or not work as expected.
The finally statement is executed file is found
Test Will startrunScenario

Scenario: user able to select the product, add to cart, add shipping information, place order, & verify the order confirmation number &amp#27;[90m# Feature/Functional_Test.feature:4&amp#27;[0m
The finally statement is executed file is found
automation starts
 INFO [main] (Super_class.java:50)- >>>>>>>>>>>>>Automation Statrs with Chrome browser <<<<<<<<<<<
 INFO [main] (WebDriverManager.java:966)- Using chromedriver 112.0.5615.49 (resolved driver for Chrome 112)
 INFO [main] (WebDriverManager.java:1021)- Exporting webdriver.chrome.driver as C:\Users\afroz\.cache\selenium\chromedriver\win32\112.0.5615.49\chromedriver.exe
The finally statement is executed file is found
The finally statement is executed file is found
 INFO [main] (Functional_step_Def.java:19)- >>>>>>user able to login the application<<<<<<<
  &amp#27;[32mGiven &amp#27;[0m&amp#27;[32muser able to login the application&amp#27;[0m                                                                                            &amp#27;[90m# luma_Stepdefination.Functional_step_Def.user_able_to_login_the_application()&amp#27;[0m
 INFO [main] (Functional_step_Def.java:28)- >>>>>>user able to select Jackets from Men module<<<<<<<
 INFO [main] (Functional_step_Def.java:32)- >>>>>>user able to select tops from Men module<<<<<<<
 INFO [main] (Functional_step_Def.java:36)- >>>>>>user able to click Jackets from Men module<<<<<<<
  &amp#27;[32mWhen &amp#27;[0m&amp#27;[32muser able to select Jackets from Men module&amp#27;[0m                                                                                    &amp#27;[90m# luma_Stepdefination.Functional_step_Def.user_able_to_select_jackets_from_men_module()&amp#27;[0m
 INFO [main] (Functional_step_Def.java:45)- >>>>>>user able to clickPrFitJacket<<<<<<<
 INFO [main] (Functional_step_Def.java:49)- >>>>>>user able to selectsize<<<<<<<
Screenshot taken
 INFO [main] (Functional_step_Def.java:54)- >>>>>>user able to selectcolor<<<<<<<
  &amp#27;[31mAnd &amp#27;[0m&amp#27;[31muser able to select a Jacket product's size, color, quantity&amp#27;[0m                                                                    &amp#27;[90m# luma_Stepdefination.Functional_step_Def.user_able_to_select_a_jacket_product_s_size_color_quantity()&amp#27;[0m
      &amp#27;[31morg.openqa.selenium.TimeoutException: Expected condition failed: waiting for element to be clickable: Proxy element for: DefaultElementLocator 'By.xpath: //div[@id='ption-label-color-93-item-50']' (tried for 30 second(s) with 500 milliseconds interval)
	at org.openqa.selenium.support.ui.WebDriverWait.timeoutException(WebDriverWait.java:95)
	at org.openqa.selenium.support.ui.FluentWait.until(FluentWait.java:272)
	at luma_genaric_functions.Waithelper.seleniumWait(Waithelper.java:14)
	at luma_Stepdefination.Functional_step_Def.user_able_to_select_a_jacket_product_s_size_color_quantity(Functional_step_Def.java:55)
	at âœ½.user able to select a Jacket product's size, color, quantity(file:///C:/Users/afroz/eclipse-workspace/Hybrid_Automation_Farmework(AFROZA)/./Feature/Functional_Test.feature:7)
Caused by: org.openqa.selenium.NoSuchElementException: no such element: Unable to locate element: {"method":"xpath","selector":"//div[@id='ption-label-color-93-item-50']"}
  (Session info: chrome=112.0.5615.138)
For documentation on this error, please visit: https://www.seleniumhq.org/exceptions/no_such_element.html
Build info: version: '3.141.59', revision: 'e82be7d358', time: '2018-11-14T08:17:03'
System info: host: 'OVI', ip: '192.168.1.10', os.name: 'Windows 11', os.arch: 'amd64', os.version: '10.0', java.version: '17.0.6'
Driver info: org.openqa.selenium.chrome.ChromeDriver
Capabilities {acceptInsecureCerts: false, browserName: chrome, browserVersion: 112.0.5615.138, chrome: {chromedriverVersion: 112.0.5615.49 (bd2a7bcb881c..., userDataDir: C:\Users\afroz\AppData\Loca...}, goog:chromeOptions: {debuggerAddress: localhost:59456}, javascriptEnabled: true, networkConnectionEnabled: false, pageLoadStrategy: normal, platform: WINDOWS, platformName: WINDOWS, proxy: Proxy(), setWindowRect: true, strictFileInteractability: false, timeouts: {implicit: 0, pageLoad: 300000, script: 30000}, unhandledPromptBehavior: dismiss and notify, webauthn:extension:credBlob: true, webauthn:extension:largeBlob: true, webauthn:extension:minPinLength: true, webauthn:extension:prf: true, webauthn:virtualAuthenticators: true}
Session ID: 939a890285908177289573a1520dc404
*** Element info: {Using=xpath, value=//div[@id='ption-label-color-93-item-50']}
	at java.base/jdk.internal.reflect.NativeConstructorAccessorImpl.newInstance0(Native Method)
	at java.base/jdk.internal.reflect.NativeConstructorAccessorImpl.newInstance(NativeConstructorAccessorImpl.java:77)
	at java.base/jdk.internal.reflect.DelegatingConstructorAccessorImpl.newInstance(DelegatingConstructorAccessorImpl.java:45)
	at java.base/java.lang.reflect.Constructor.newInstanceWithCaller(Constructor.java:499)
	at java.base/java.lang.reflect.Constructor.newInstance(Constructor.java:480)
	at org.openqa.selenium.remote.http.W3CHttpResponseCodec.createException(W3CHttpResponseCodec.java:187)
	at org.openqa.selenium.remote.http.W3CHttpResponseCodec.decode(W3CHttpResponseCodec.java:122)
	at org.openqa.selenium.remote.http.W3CHttpResponseCodec.decode(W3CHttpResponseCodec.java:49)
	at org.openqa.selenium.remote.HttpCommandExecutor.execute(HttpCommandExecutor.java:158)
	at org.openqa.selenium.remote.service.DriverCommandExecutor.execute(DriverCommandExecutor.java:83)
	at org.openqa.selenium.remote.RemoteWebDriver.execute(RemoteWebDriver.java:552)
	at org.openqa.selenium.remote.RemoteWebDriver.findElement(RemoteWebDriver.java:323)
	at org.openqa.selenium.remote.RemoteWebDriver.findElementByXPath(RemoteWebDriver.java:428)
	at org.openqa.selenium.By$ByXPath.findElement(By.java:353)
	at org.openqa.selenium.remote.RemoteWebDriver.findElement(RemoteWebDriver.java:315)
	at org.openqa.selenium.support.pagefactory.DefaultElementLocator.findElement(DefaultElementLocator.java:69)
	at org.openqa.selenium.support.pagefactory.internal.LocatingElementHandler.invoke(LocatingElementHandler.java:38)
	at jdk.proxy2/jdk.proxy2.$Proxy22.isDisplayed(Unknown Source)
	at org.openqa.selenium.support.ui.ExpectedConditions.elementIfVisible(ExpectedConditions.java:314)
	at org.openqa.selenium.support.ui.ExpectedConditions.access$000(ExpectedConditions.java:43)
	at org.openqa.selenium.support.ui.ExpectedConditions$10.apply(ExpectedConditions.java:300)
	at org.openqa.selenium.support.ui.ExpectedConditions$10.apply(ExpectedConditions.java:297)
	at org.openqa.selenium.support.ui.ExpectedConditions$23.apply(ExpectedConditions.java:670)
	at org.openqa.selenium.support.ui.ExpectedConditions$23.apply(ExpectedConditions.java:666)
	at org.openqa.selenium.support.ui.FluentWait.until(FluentWait.java:249)
	at luma_genaric_functions.Waithelper.seleniumWait(Waithelper.java:14)
	at luma_Stepdefination.Functional_step_Def.user_able_to_select_a_jacket_product_s_size_color_quantity(Functional_step_Def.java:55)
	at java.base/jdk.internal.reflect.NativeMethodAccessorImpl.invoke0(Native Method)
	at java.base/jdk.internal.reflect.NativeMethodAccessorImpl.invoke(NativeMethodAccessorImpl.java:77)
	at java.base/jdk.internal.reflect.DelegatingMethodAccessorImpl.invoke(DelegatingMethodAccessorImpl.java:43)
	at java.base/java.lang.reflect.Method.invoke(Method.java:568)
	at io.cucumber.java.Invoker.doInvoke(Invoker.java:66)
	at io.cucumber.java.Invoker.invoke(Invoker.java:24)
	at io.cucumber.java.AbstractGlueDefinition.invokeMethod(AbstractGlueDefinition.java:47)
	at io.cucumber.java.JavaStepDefinition.execute(JavaStepDefinition.java:29)
	at io.cucumber.core.runner.CoreStepDefinition.execute(CoreStepDefinition.java:66)
	at io.cucumber.core.runner.PickleStepDefinitionMatch.runStep(PickleStepDefinitionMatch.java:63)
	at io.cucumber.core.runner.ExecutionMode$1.execute(ExecutionMode.java:10)
	at io.cucumber.core.runner.TestStep.executeStep(TestStep.java:92)
	at io.cucumber.core.runner.TestStep.run(TestStep.java:64)
	at io.cucumber.core.runner.PickleStepTestStep.run(PickleStepTestStep.java:51)
	at io.cucumber.core.runner.TestCase.run(TestCase.java:104)
	at io.cucumber.core.runner.Runner.runPickle(Runner.java:73)
	at io.cucumber.testng.TestNGCucumberRunner.lambda$runScenario$0(TestNGCucumberRunner.java:117)
	at io.cucumber.core.runtime.CucumberExecutionContext.runTestCase(CucumberExecutionContext.java:117)
	at io.cucumber.testng.TestNGCucumberRunner.runScenario(TestNGCucumberRunner.java:114)
	at io.cucumber.testng.AbstractTestNGCucumberTests.runScenario(AbstractTestNGCucumberTests.java:31)
	at java.base/jdk.internal.reflect.NativeMethodAccessorImpl.invoke0(Native Method)
	at java.base/jdk.internal.reflect.NativeMethodAccessorImpl.invoke(NativeMethodAccessorImpl.java:77)
	at java.base/jdk.internal.reflect.DelegatingMethodAccessorImpl.invoke(DelegatingMethodAccessorImpl.java:43)
	at java.base/java.lang.reflect.Method.invoke(Method.java:568)
	at org.testng.internal.MethodInvocationHelper.invokeMethod(MethodInvocationHelper.java:124)
	at org.testng.internal.Invoker.invokeMethod(Invoker.java:583)
	at org.testng.internal.Invoker.invokeTestMethod(Invoker.java:719)
	at org.testng.internal.Invoker.invokeTestMethods(Invoker.java:989)
	at org.testng.internal.TestMethodWorker.invokeTestMethods(TestMethodWorker.java:125)
	at org.testng.internal.TestMethodWorker.run(TestMethodWorker.java:109)
	at org.testng.TestRunner.privateRun(TestRunner.java:648)
	at org.testng.TestRunner.run(TestRunner.java:505)
	at org.testng.SuiteRunner.runTest(SuiteRunner.java:455)
	at org.testng.SuiteRunner.runSequentially(SuiteRunner.java:450)
	at org.testng.SuiteRunner.privateRun(SuiteRunner.java:415)
	at org.testng.SuiteRunner.run(SuiteRunner.java:364)
	at org.testng.SuiteRunnerWorker.runSuite(SuiteRunnerWorker.java:52)
	at org.testng.SuiteRunnerWorker.run(SuiteRunnerWorker.java:84)
	at org.testng.TestNG.runSuitesSequentially(TestNG.java:1208)
	at org.testng.TestNG.runSuitesLocally(TestNG.java:1137)
	at org.testng.TestNG.runSuites(TestNG.java:1049)
	at org.testng.TestNG.run(TestNG.java:1017)
	at org.apache.maven.surefire.testng.TestNGExecutor.run(TestNGExecutor.java:284)
	at org.apache.maven.surefire.testng.TestNGXmlTestSuite.execute(TestNGXmlTestSuite.java:75)
	at org.apache.maven.surefire.testng.TestNGProvider.invoke(TestNGProvider.java:119)
	at org.apache.maven.surefire.booter.ForkedBooter.runSuitesInProcess(ForkedBooter.java:428)
	at org.apache.maven.surefire.booter.ForkedBooter.execute(ForkedBooter.java:162)
	at org.apache.maven.surefire.booter.ForkedBooter.run(ForkedBooter.java:562)
	at org.apache.maven.surefire.booter.ForkedBooter.main(ForkedBooter.java:548)
&amp#27;[0m
  &amp#27;[36mAnd &amp#27;[0m&amp#27;[36muser able to click add to cart button&amp#27;[0m                                                                                           &amp#27;[90m# luma_Stepdefination.Functional_step_Def.user_able_to_click_add_to_cart_button()&amp#27;[0m
  &amp#27;[36mAnd &amp#27;[0m&amp#27;[36muser able to click on the shopping cart pop-up&amp#27;[0m                                                                                  &amp#27;[90m# luma_Stepdefination.Functional_step_Def.user_able_to_click_on_the_shopping_cart_pop_up()&amp#27;[0m
  &amp#27;[36mAnd &amp#27;[0m&amp#27;[36muser able to click on the proceed to checkout&amp#27;[0m                                                                                   &amp#27;[90m# luma_Stepdefination.Functional_step_Def.user_able_to_click_on_the_proceed_to_checkout()&amp#27;[0m
  &amp#27;[36mAnd &amp#27;[0m&amp#27;[36muser able to add shipping information&amp#27;[0m                                                                                           &amp#27;[90m# luma_Stepdefination.Functional_step_Def.user_able_to_add_shipping_information()&amp#27;[0m
  &amp#27;[36mAnd &amp#27;[0m&amp#27;[36muser able to select shipping method radial button and click on next button&amp#27;[0m                                                      &amp#27;[90m# luma_Stepdefination.Functional_step_Def.user_able_to_select_shipping_method_radial_button_and_click_on_next_button()&amp#27;[0m
  &amp#27;[36mAnd &amp#27;[0m&amp#27;[36muser able to click on the place order button&amp#27;[0m                                                                                    &amp#27;[90m# luma_Stepdefination.Functional_step_Def.user_able_to_click_on_the_place_order_button()&amp#27;[0m
  &amp#27;[36mThen &amp#27;[0m&amp#27;[36muser able to verify the confirmation message &amp#27;[0m&amp#27;[36m&amp#27;[1m"Thank you for your purchase!"&amp#27;[0m                                                    &amp#27;[90m# luma_Stepdefination.Functional_step_Def.user_able_to_verify_the_confirmation_message(java.lang.String)&amp#27;[0m
automation complate
Test Will fail and take screenshotrunScenario
Exception while taking screenshot Session ID is null. Using WebDriver after calling quit()?
Build info: version: '3.141.59', revision: 'e82be7d358', time: '2018-11-14T08:17:03'
System info: host: 'OVI', ip: '192.168.1.10', os.name: 'Windows 11', os.arch: 'amd64', os.version: '10.0', java.version: '17.0.6'
Driver info: driver.version: RemoteWebDriver
]]></system-out>
    <system-err><![CDATA[Starting ChromeDriver 112.0.5615.49 (bd2a7bcb881c11e8cfe3078709382934e3916914-refs/branch-heads/5615@{#936}) on port 18357
Only local connections are allowed.
Please see https://chromedriver.chromium.org/security-considerations for suggestions on keeping ChromeDriver safe.
ChromeDriver was started successfully.
May 03, 2023 10:38:16 PM org.openqa.selenium.remote.ProtocolHandshake createSession
INFO: Detected dialect: W3C
]]></system-err>
  </testcase>
</testsuite>